ParseStarterProject/build/outputs/logs/manifest-merger-debug-report.txt
-- Merging decision tree log ---
manifest
ADDED from src/main/AndroidManifest.xml:9:1-63:12
	xmlns:android
		ADDED from src/main/AndroidManifest.xml:9:11-69
	package
		ADDED from src/main/AndroidManifest.xml:10:5-32
		INJECTED from src/main/AndroidManifest.xml
		INJECTED from src/main/AndroidManifest.xml
	android:versionName
		INJECTED from src/main/AndroidManifest.xml
		INJECTED from src/main/AndroidManifest.xml
	android:versionCode
		INJECTED from src/main/AndroidManifest.xml
		INJECTED from src/main/AndroidManifest.xml
uses-permission#android.permission.INTERNET
ADDED from src/main/AndroidManifest.xml:12:5-67
MERGED from [ParseInstagram:photoselectorlib:unspecified] AndroidManifest.xml:17:5-67
	android:name
		ADDED from src/main/AndroidManifest.xml:12:22-64
uses-permission#android.permission.ACCESS_NETWORK_STATE
ADDED from src/main/AndroidManifest.xml:13:5-79
MERGED from [ParseInstagram:photoselectorlib:unspecified] AndroidManifest.xml:18:5-79
	android:name
		ADDED from src/main/AndroidManifest.xml:13:22-76
uses-permission#android.permission.WRITE_EXTERNAL_STORAGE
ADDED from src/main/AndroidManifest.xml:14:5-81
MERGED from [ParseInstagram:photoselectorlib:unspecified] AndroidManifest.xml:16:5-81
	android:name
		ADDED from src/main/AndroidManifest.xml:14:22-78
uses-permission#android.permission.READ_EXTERNAL_STORAGE
ADDED from src/main/AndroidManifest.xml:15:5-80
MERGED from [ParseInstagram:photoselectorlib:unspecified] AndroidManifest.xml:24:5-80
	android:name
		ADDED from src/main/AndroidManifest.xml:15:22-77
uses-permission#android.permission.READ_CONTACTS
ADDED from src/main/AndroidManifest.xml:16:5-72
	android:name
		ADDED from src/main/AndroidManifest.xml:16:22-69
uses-permission#android.permission.READ_PHONE_STATE
ADDED from src/main/AndroidManifest.xml:17:5-75
MERGED from [ParseInstagram:photoselectorlib:unspecified] AndroidManifest.xml:21:5-75
	android:name
		ADDED from src/main/AndroidManifest.xml:17:22-72
uses-permission#android.permission.ACCESS_WIFI_STATE
ADDED from src/main/AndroidManifest.xml:18:5-76
MERGED from [ParseInstagram:photoselectorlib:unspecified] AndroidManifest.xml:20:5-76
	android:name
		ADDED from src/main/AndroidManifest.xml:18:22-73
uses-permission#android.permission.RECEIVE_SMS
ADDED from src/main/AndroidManifest.xml:19:5-70
	android:name
		ADDED from src/main/AndroidManifest.xml:19:22-67
uses-permission#android.permission.READ_SMS
ADDED from src/main/AndroidManifest.xml:20:5-67
	android:name
		ADDED from src/main/AndroidManifest.xml:20:22-64
uses-permission#android.permission.GET_TASKS
ADDED from src/main/AndroidManifest.xml:21:5-68
MERGED from [ParseInstagram:photoselectorlib:unspecified] AndroidManifest.xml:23:5-68
	android:name
		ADDED from src/main/AndroidManifest.xml:21:22-65
uses-permission#android.permission.ACCESS_FINE_LOCATION
ADDED from src/main/AndroidManifest.xml:22:5-79
MERGED from [ParseInstagram:photoselectorlib:unspecified] AndroidManifest.xml:22:5-79
	android:name
		ADDED from src/main/AndroidManifest.xml:22:22-76
application
ADDED from src/main/AndroidManifest.xml:24:5-61:19
MERGED from [:SMSSDK-2.1.1:] AndroidManifest.xml:11:5-12:19
MERGED from [:SMSSDKGUI-2.1.1:] AndroidManifest.xml:11:5-12:19
MERGED from [ParseInstagram:mcoyninegridimage:unspecified] AndroidManifest.xml:11:5-15:19
MERGED from [com.android.support:appcompat-v7:23.4.0] AndroidManifest.xml:25:5-20
MERGED from [com.android.support:animated-vector-drawable:23.4.0] AndroidManifest.xml:7:5-20
MERGED from [com.android.support:support-vector-drawable:23.4.0] AndroidManifest.xml:7:5-20
MERGED from [com.android.support:support-v4:23.4.0] AndroidManifest.xml:22:5-20
MERGED from [com.android.support:support-v4:23.4.0] AndroidManifest.xml:22:5-20
MERGED from [com.android.support:support-vector-drawable:23.4.0] AndroidManifest.xml:7:5-20
MERGED from [com.android.support:support-v4:23.4.0] AndroidManifest.xml:22:5-20
MERGED from [ParseInstagram:photoselectorlib:unspecified] AndroidManifest.xml:26:5-32:19
MERGED from [com.android.support:appcompat-v7:23.4.0] AndroidManifest.xml:25:5-20
MERGED from [com.android.support:animated-vector-drawable:23.4.0] AndroidManifest.xml:7:5-20
MERGED from [com.android.support:support-vector-drawable:23.4.0] AndroidManifest.xml:7:5-20
MERGED from [com.android.support:support-v4:23.4.0] AndroidManifest.xml:22:5-20
MERGED from [com.android.support:support-v4:23.4.0] AndroidManifest.xml:22:5-20
MERGED from [com.android.support:support-vector-drawable:23.4.0] AndroidManifest.xml:7:5-20
MERGED from [com.android.support:support-v4:23.4.0] AndroidManifest.xml:22:5-20
MERGED from [com.android.support:appcompat-v7:23.4.0] AndroidManifest.xml:25:5-20
MERGED from [com.android.support:animated-vector-drawable:23.4.0] AndroidManifest.xml:7:5-20
MERGED from [com.android.support:support-vector-drawable:23.4.0] AndroidManifest.xml:7:5-20
MERGED from [com.android.support:support-v4:23.4.0] AndroidManifest.xml:22:5-20
MERGED from [com.android.support:support-v4:23.4.0] AndroidManifest.xml:22:5-20
MERGED from [com.android.support:support-vector-drawable:23.4.0] AndroidManifest.xml:7:5-20
MERGED from [com.android.support:support-v4:23.4.0] AndroidManifest.xml:22:5-20
MERGED from [com.android.support:support-v4:23.4.0] AndroidManifest.xml:22:5-20
MERGED from [com.android.support:cardview-v7:23.4.0] AndroidManifest.xml:22:5-20
MERGED from [com.kaopiz:kprogresshud:1.0.2] AndroidManifest.xml:11:5-13:38
MERGED from [com.android.support:design:23.4.0] AndroidManifest.xml:22:5-20
MERGED from [com.android.support:support-v4:23.4.0] AndroidManifest.xml:22:5-20
MERGED from [com.android.support:appcompat-v7:23.4.0] AndroidManifest.xml:25:5-20
MERGED from [com.android.support:animated-vector-drawable:23.4.0] AndroidManifest.xml:7:5-20
MERGED from [com.android.support:support-vector-drawable:23.4.0] AndroidManifest.xml:7:5-20
MERGED from [com.android.support:support-v4:23.4.0] AndroidManifest.xml:22:5-20
MERGED from [com.android.support:support-v4:23.4.0] AndroidManifest.xml:22:5-20
MERGED from [com.android.support:support-vector-drawable:23.4.0] AndroidManifest.xml:7:5-20
MERGED from [com.android.support:support-v4:23.4.0] AndroidManifest.xml:22:5-20
MERGED from [com.android.support:support-v4:23.4.0] AndroidManifest.xml:22:5-20
MERGED from [com.pkmmte.view:circularimageview:1.1] AndroidManifest.xml:11:5-20
MERGED from [com.android.support:support-v4:23.4.0] AndroidManifest.xml:22:5-20
MERGED from [ParseInstagram:pulltorefresh:unspecified] AndroidManifest.xml:11:5-15:19
MERGED from [com.android.support:appcompat-v7:23.4.0] AndroidManifest.xml:25:5-20
MERGED from [com.android.support:animated-vector-drawable:23.4.0] AndroidManifest.xml:7:5-20
MERGED from [com.android.support:support-vector-drawable:23.4.0] AndroidManifest.xml:7:5-20
MERGED from [com.android.support:support-v4:23.4.0] AndroidManifest.xml:22:5-20
MERGED from [com.android.support:support-v4:23.4.0] AndroidManifest.xml:22:5-20
MERGED from [com.android.support:support-vector-drawable:23.4.0] AndroidManifest.xml:7:5-20
MERGED from [com.android.support:support-v4:23.4.0] AndroidManifest.xml:22:5-20
MERGED from [ParseInstagram:mcoypulltorefresh:unspecified] AndroidManifest.xml:11:5-15:19
MERGED from [com.android.support:appcompat-v7:23.4.0] AndroidManifest.xml:25:5-20
MERGED from [com.android.support:animated-vector-drawable:23.4.0] AndroidManifest.xml:7:5-20
MERGED from [com.android.support:support-vector-drawable:23.4.0] AndroidManifest.xml:7:5-20
MERGED from [com.android.support:support-v4:23.4.0] AndroidManifest.xml:22:5-20
MERGED from [com.android.support:support-v4:23.4.0] AndroidManifest.xml:22:5-20
MERGED from [com.android.support:support-vector-drawable:23.4.0] AndroidManifest.xml:7:5-20
MERGED from [com.android.support:support-v4:23.4.0] AndroidManifest.xml:22:5-20
	android:supportsRtl
		ADDED from [ParseInstagram:mcoyninegridimage:unspecified] AndroidManifest.xml:14:9-35
	android:label
		ADDED from src/main/AndroidManifest.xml:28:9-41
	android:allowBackup
		ADDED from src/main/AndroidManifest.xml:26:9-35
	android:icon
		ADDED from src/main/AndroidManifest.xml:27:9-45
	android:theme
		ADDED from src/main/AndroidManifest.xml:29:9-40
	android:name
		ADDED from src/main/AndroidManifest.xml:25:9-43
meta-data#com.parse.APPLICATION_ID
ADDED from src/main/AndroidManifest.xml:30:9-32:52
	android:name
		ADDED from src/main/AndroidManifest.xml:31:13-52
	android:value
		ADDED from src/main/AndroidManifest.xml:32:13-49
meta-data#com.parse.CLIENT_KEY
ADDED from src/main/AndroidManifest.xml:33:9-35:56
	android:name
		ADDED from src/main/AndroidManifest.xml:34:13-48
	android:value
		ADDED from src/main/AndroidManifest.xml:35:13-53
activity#com.parse.starter.activity.MainActivity
ADDED from src/main/AndroidManifest.xml:37:9-45:20
	android:label
		ADDED from src/main/AndroidManifest.xml:39:13-45
	android:name
		ADDED from src/main/AndroidManifest.xml:38:13-50
intent-filter#android.intent.action.MAIN+android.intent.category.LAUNCHER
ADDED from src/main/AndroidManifest.xml:40:13-44:29
action#android.intent.action.MAIN
ADDED from src/main/AndroidManifest.xml:41:17-69
	android:name
		ADDED from src/main/AndroidManifest.xml:41:25-66
category#android.intent.category.LAUNCHER
ADDED from src/main/AndroidManifest.xml:43:17-77
	android:name
		ADDED from src/main/AndroidManifest.xml:43:27-74
activity#com.parse.starter.activity.RegisterActivity
ADDED from src/main/AndroidManifest.xml:46:9-48:47
	android:name
		ADDED from src/main/AndroidManifest.xml:47:13-54
	android:launchMode
		ADDED from src/main/AndroidManifest.xml:48:13-44
activity#com.parse.starter.activity.LoginActivity
ADDED from src/main/AndroidManifest.xml:49:9-51:47
	android:name
		ADDED from src/main/AndroidManifest.xml:50:13-51
	android:launchMode
		ADDED from src/main/AndroidManifest.xml:51:13-44
activity#com.parse.starter.activity.UserListActivity
ADDED from src/main/AndroidManifest.xml:52:9-63
	android:name
		ADDED from src/main/AndroidManifest.xml:52:19-60
activity#com.parse.starter.activity.UserDetailActivity
ADDED from src/main/AndroidManifest.xml:53:9-65
	android:name
		ADDED from src/main/AndroidManifest.xml:53:19-62
activity#com.parse.starter.activity.ShowNewsActivity
ADDED from src/main/AndroidManifest.xml:54:9-63
	android:name
		ADDED from src/main/AndroidManifest.xml:54:19-60
activity#com.mob.tools.MobUIShell
ADDED from src/main/AndroidManifest.xml:55:9-59:70
	android:windowSoftInputMode
		ADDED from src/main/AndroidManifest.xml:59:13-67
	android:configChanges
		ADDED from src/main/AndroidManifest.xml:57:13-74
	android:theme
		ADDED from src/main/AndroidManifest.xml:58:13-72
	android:name
		ADDED from src/main/AndroidManifest.xml:56:13-52
activity#com.parse.starter.activity.TestActivity
ADDED from src/main/AndroidManifest.xml:60:9-68
	android:name
		ADDED from src/main/AndroidManifest.xml:60:19-56
uses-sdk
INJECTED from src/main/AndroidManifest.xml reason: use-sdk injection requested
MERGED from [:SMSSDK-2.1.1:] AndroidManifest.xml:7:5-9:41
MERGED from [:SMSSDKGUI-2.1.1:] AndroidManifest.xml:7:5-9:41
MERGED from [ParseInstagram:mcoyninegridimage:unspecified] AndroidManifest.xml:7:5-9:41
MERGED from [com.android.support:appcompat-v7:23.4.0] AndroidManifest.xml:21:5-23:78
MERGED from [com.android.support:animated-vector-drawable:23.4.0] AndroidManifest.xml:5:5-44
MERGED from [com.android.support:support-vector-drawable:23.4.0] AndroidManifest.xml:5:5-43
MERGED from [com.android.support:support-v4:23.4.0] AndroidManifest.xml:20:5-43
MERGED from [com.android.support:support-v4:23.4.0] AndroidManifest.xml:20:5-43
MERGED from [com.android.support:support-vector-drawable:23.4.0] AndroidManifest.xml:5:5-43
MERGED from [com.android.support:support-v4:23.4.0] AndroidManifest.xml:20:5-43
MERGED from [ParseInstagram:photoselectorlib:unspecified] AndroidManifest.xml:7:5-9:41
MERGED from [com.android.support:appcompat-v7:23.4.0] AndroidManifest.xml:21:5-23:78
MERGED from [com.android.support:animated-vector-drawable:23.4.0] AndroidManifest.xml:5:5-44
MERGED from [com.android.support:support-vector-drawable:23.4.0] AndroidManifest.xml:5:5-43
MERGED from [com.android.support:support-v4:23.4.0] AndroidManifest.xml:20:5-43
MERGED from [com.android.support:support-v4:23.4.0] AndroidManifest.xml:20:5-43
MERGED from [com.android.support:support-vector-drawable:23.4.0] AndroidManifest.xml:5:5-43
MERGED from [com.android.support:support-v4:23.4.0] AndroidManifest.xml:20:5-43
MERGED from [com.android.support:appcompat-v7:23.4.0] AndroidManifest.xml:21:5-23:78
MERGED from [com.android.support:animated-vector-drawable:23.4.0] AndroidManifest.xml:5:5-44
MERGED from [com.android.support:support-vector-drawable:23.4.0] AndroidManifest.xml:5:5-43
MERGED from [com.android.support:support-v4:23.4.0] AndroidManifest.xml:20:5-43
MERGED from [com.android.support:support-v4:23.4.0] AndroidManifest.xml:20:5-43
MERGED from [com.android.support:support-vector-drawable:23.4.0] AndroidManifest.xml:5:5-43
MERGED from [com.android.support:support-v4:23.4.0] AndroidManifest.xml:20:5-43
MERGED from [com.android.support:recyclerview-v7:23.4.0] AndroidManifest.xml:20:5-43
MERGED from [com.android.support:support-v4:23.4.0] AndroidManifest.xml:20:5-43
MERGED from [com.android.support:cardview-v7:23.4.0] AndroidManifest.xml:20:5-43
MERGED from [com.kaopiz:kprogresshud:1.0.2] AndroidManifest.xml:7:5-9:41
MERGED from [com.android.support:design:23.4.0] AndroidManifest.xml:20:5-43
MERGED from [com.android.support:recyclerview-v7:23.4.0] AndroidManifest.xml:20:5-43
MERGED from [com.android.support:support-v4:23.4.0] AndroidManifest.xml:20:5-43
MERGED from [com.android.support:appcompat-v7:23.4.0] AndroidManifest.xml:21:5-23:78
MERGED from [com.android.support:animated-vector-drawable:23.4.0] AndroidManifest.xml:5:5-44
MERGED from [com.android.support:support-vector-drawable:23.4.0] AndroidManifest.xml:5:5-43
MERGED from [com.android.support:support-v4:23.4.0] AndroidManifest.xml:20:5-43
MERGED from [com.android.support:support-v4:23.4.0] AndroidManifest.xml:20:5-43
MERGED from [com.android.support:support-vector-drawable:23.4.0] AndroidManifest.xml:5:5-43
MERGED from [com.android.support:support-v4:23.4.0] AndroidManifest.xml:20:5-43
MERGED from [com.android.support:support-v4:23.4.0] AndroidManifest.xml:20:5-43
MERGED from [com.pkmmte.view:circularimageview:1.1] AndroidManifest.xml:7:5-9:41
MERGED from [si.virag:fuzzydateformatter:1.1.0] AndroidManifest.xml:6:5-8:41
MERGED from [com.android.support:support-v4:23.4.0] AndroidManifest.xml:20:5-43
MERGED from [ParseInstagram:pulltorefresh:unspecified] AndroidManifest.xml:7:5-9:41
MERGED from [com.android.support:appcompat-v7:23.4.0] AndroidManifest.xml:21:5-23:78
MERGED from [com.android.support:animated-vector-drawable:23.4.0] AndroidManifest.xml:5:5-44
MERGED from [com.android.support:support-vector-drawable:23.4.0] AndroidManifest.xml:5:5-43
MERGED from [com.android.support:support-v4:23.4.0] AndroidManifest.xml:20:5-43
MERGED from [com.android.support:support-v4:23.4.0] AndroidManifest.xml:20:5-43
MERGED from [com.android.support:support-vector-drawable:23.4.0] AndroidManifest.xml:5:5-43
MERGED from [com.android.support:support-v4:23.4.0] AndroidManifest.xml:20:5-43
MERGED from [ParseInstagram:mcoypulltorefresh:unspecified] AndroidManifest.xml:7:5-9:41
MERGED from [com.android.support:appcompat-v7:23.4.0] AndroidManifest.xml:21:5-23:78
MERGED from [com.android.support:animated-vector-drawable:23.4.0] AndroidManifest.xml:5:5-44
MERGED from [com.android.support:support-vector-drawable:23.4.0] AndroidManifest.xml:5:5-43
MERGED from [com.android.support:support-v4:23.4.0] AndroidManifest.xml:20:5-43
MERGED from [com.android.support:support-v4:23.4.0] AndroidManifest.xml:20:5-43
MERGED from [com.android.support:support-vector-drawable:23.4.0] AndroidManifest.xml:5:5-43
MERGED from [com.android.support:support-v4:23.4.0] AndroidManifest.xml:20:5-43
	android:targetSdkVersion
		INJECTED from src/main/AndroidManifest.xml
		INJECTED from src/main/AndroidManifest.xml
	android:minSdkVersion
		INJECTED from src/main/AndroidManifest.xml
		INJECTED from src/main/AndroidManifest.xml
	tools:overrideLibrary
		ADDED from [com.android.support:appcompat-v7:23.4.0] AndroidManifest.xml:23:9-75
uses-feature#android.hardware.camera
ADDED from [ParseInstagram:photoselectorlib:unspecified] AndroidManifest.xml:11:5-60
	android:name
		ADDED from [ParseInstagram:photoselectorlib:unspecified] AndroidManifest.xml:11:19-57
uses-feature#android.hardware.camera.autofocus
ADDED from [ParseInstagram:photoselectorlib:unspecified] AndroidManifest.xml:12:5-70
	android:name
		ADDED from [ParseInstagram:photoselectorlib:unspecified] AndroidManifest.xml:12:19-67
uses-permission#android.permission.CAMERA
ADDED from [ParseInstagram:photoselectorlib:unspecified] AndroidManifest.xml:14:5-65
	android:name
		ADDED from [ParseInstagram:photoselectorlib:unspecified] AndroidManifest.xml:14:22-62
uses-permission#android.permission.READ_LOGS
ADDED from [ParseInstagram:photoselectorlib:unspecified] AndroidManifest.xml:15:5-68
	android:name
		ADDED from [ParseInstagram:photoselectorlib:unspecified] AndroidManifest.xml:15:22-65
uses-permission#android.permission.DOWNLOAD_WITHOUT_NOTIFICATION
ADDED from [ParseInstagram:photoselectorlib:unspecified] AndroidManifest.xml:19:5-88
	android:name
		ADDED from [ParseInstagram:photoselectorlib:unspecified] AndroidManifest.xml:19:22-85
activity#material.danny_jiang.com.photoselectorlib.activity.ShowAlbumActivity
ADDED from [ParseInstagram:photoselectorlib:unspecified] AndroidManifest.xml:30:9-105
	android:name
		ADDED from [ParseInstagram:photoselectorlib:unspecified] AndroidManifest.xml:30:19-102
activity#material.danny_jiang.com.photoselectorlib.activity.ShowImageActivity
ADDED from [ParseInstagram:photoselectorlib:unspecified] AndroidManifest.xml:31:9-105
	android:name
		ADDED from [ParseInstagram:photoselectorlib:unspecified] AndroidManifest.xml:31:19-102